Tool: cipher_downgrade
Target: localhost
Timestamp: 20250526_054400
Exit Code: 1
STDOUT:
Cipher Suite Downgrade Attack Tool
==================================
Target: localhost:443
Mode: Full Attack (Proxy)
Proxy Port: 8444
==================================

[INFO] Testing for weak cipher support first before starting proxy...
[TEST] Testing localhost for weak cipher acceptance...
[INFO] Attempting connection with relaxed SSL context...
[ERROR] Error during Python SSL test: [Errno 111] Connection refused

[INFO] Testing with OpenSSL s_client for comprehensive cipher check...
[INFO] OpenSSL test for RC4 failed (non-handshake error): Call to SSL_CONF_cmd(-cipher, RC4) failed
40A7BC64557E0000:error:0A0000B9:SSL routines:SSL_CTX_set_cipher_list:no cipher match:../ssl/ssl_lib.c:2779:
[INFO] OpenSSL test for 3DES failed (non-handshake error): Call to SSL_CONF_cmd(-cipher, 3DES) failed
40378A9E3E7D0000:error:0A0000B9:SSL routines:SSL_CTX_set_cipher_list:no cipher match:../ssl/ssl_lib.c:2779:
[INFO] OpenSSL test for DES failed (non-handshake error): Call to SSL_CONF_cmd(-cipher, DES) failed
40572B48637D0000:error:0A0000B9:SSL routines:SSL_CTX_set_cipher_list:no cipher match:../ssl/ssl_lib.c:2779:
[INFO] OpenSSL test for EXP failed (non-handshake error): Call to SSL_CONF_cmd(-cipher, EXP) failed
40874DB9217B0000:error:0A0000B9:SSL routines:SSL_CTX_set_cipher_list:no cipher match:../ssl/ssl_lib.c:2779:
[INFO] OpenSSL test for NULL failed (non-handshake error): 40F78D17BF760000:error:8000006F:system library:BIO_connect:Connection refused:../crypto/bio/bio_sock2.c:114:calling connect()
40F78D17BF760000:error:10000067:BIO routines:BIO_connect:connect error:../crypto/bio/bio_sock2.c:116:
40F78D17BF760000:error:8000006F:system library:BIO_connect:Connection refused:../crypto/bio/bio_sock2.c:114:calling connect()
40F78D17BF760000:error:10000067:BIO routines:BIO_connect:connect error:../crypto/bio/bio_sock2.c:116:
connect:errno=111
[INFO] OpenSSL test for MD5 failed (non-handshake error): 40478C49D97A0000:error:8000006F:system library:BIO_connect:Connection refused:../crypto/bio/bio_sock2.c:114:calling connect()
40478C49D97A0000:error:10000067:BIO routines:BIO_connect:connect error:../crypto/bio/bio_sock2.c:116:
40478C49D97A0000:error:8000006F:system library:BIO_connect:Connection refused:../crypto/bio/bio_sock2.c:114:calling connect()
40478C49D97A0000:error:10000067:BIO routines:BIO_connect:connect error:../crypto/bio/bio_sock2.c:116:
connect:errno=111

[RESULT] Target appears SECURE against cipher downgrade attacks.

[INFO] Target appears SECURE against cipher downgrades. Attack proxy will not start.

STDERR:

