Tool: cipher_downgrade
Target: google.com
Timestamp: 20250526_075353
Exit Code: 1
STDOUT:
Cipher Suite Downgrade Attack Tool
==================================
Target: google.com:443
Mode: Full Attack (Proxy)
Proxy Port: 8444
==================================

[INFO] Testing for weak cipher support first before starting proxy...
[TEST] Testing google.com for weak cipher acceptance...
[INFO] Attempting connection with relaxed SSL context...
[INFO] Negotiated cipher (Python SSL): TLS_AES_256_GCM_SHA384

[INFO] Testing with OpenSSL s_client for comprehensive cipher check...
[INFO] OpenSSL test for RC4 failed (non-handshake error): Call to SSL_CONF_cmd(-cipher, RC4) failed
40D75763A1730000:error:0A0000B9:SSL routines:SSL_CTX_set_cipher_list:no cipher match:../ssl/ssl_lib.c:2779:
[INFO] OpenSSL test for 3DES failed (non-handshake error): Call to SSL_CONF_cmd(-cipher, 3DES) failed
40777E2644790000:error:0A0000B9:SSL routines:SSL_CTX_set_cipher_list:no cipher match:../ssl/ssl_lib.c:2779:
[INFO] OpenSSL test for DES failed (non-handshake error): Call to SSL_CONF_cmd(-cipher, DES) failed
40878E19807D0000:error:0A0000B9:SSL routines:SSL_CTX_set_cipher_list:no cipher match:../ssl/ssl_lib.c:2779:
[INFO] OpenSSL test for EXP failed (non-handshake error): Call to SSL_CONF_cmd(-cipher, EXP) failed
40577C9E137D0000:error:0A0000B9:SSL routines:SSL_CTX_set_cipher_list:no cipher match:../ssl/ssl_lib.c:2779:

[RESULT] Target appears SECURE against cipher downgrade attacks.

[INFO] Target appears SECURE against cipher downgrades. Attack proxy will not start.

STDERR:

